<?xml version="1.0" encoding="UTF-8"?>
<!-- Generated by org.testng.reporters.JUnitXMLReporter -->
<testsuite hostname="NGD24104" name="Test" tests="7" failures="3" timestamp="16 Feb 2017 14:29:09 GMT" time="4.562" errors="0">
  <testcase name="CreateUser" time="0.25" classname="test.java.Integration.FunctionalRest.RestApi">
    <failure type="java.lang.NoSuchMethodError" message="com.jayway.restassured.specification.RequestSpecification.header(Ljava/lang/String;Ljava/lang/Object;[Ljava/lang/Object;)Lcom/jayway/restassured/specification/RequestSpecification;">
      <![CDATA[java.lang.NoSuchMethodError: com.jayway.restassured.specification.RequestSpecification.header(Ljava/lang/String;Ljava/lang/Object;[Ljava/lang/Object;)Lcom/jayway/restassured/specification/RequestSpecification;
	at test.java.Integration.FunctionalRest.RestApi.CreateUser(RestApi.java:51)
... Removed 24 stack frames]]>
    </failure>
  </testcase> <!-- CreateUser -->
  <testcase name="DeleteUser" time="0.0" classname="test.java.Integration.FunctionalRest.RestApi">
    <failure type="java.lang.NoSuchMethodError" message="com.jayway.restassured.specification.RequestSpecification.header(Ljava/lang/String;Ljava/lang/Object;[Ljava/lang/Object;)Lcom/jayway/restassured/specification/RequestSpecification;">
      <![CDATA[java.lang.NoSuchMethodError: com.jayway.restassured.specification.RequestSpecification.header(Ljava/lang/String;Ljava/lang/Object;[Ljava/lang/Object;)Lcom/jayway/restassured/specification/RequestSpecification;
	at test.java.Integration.FunctionalRest.RestApi.DeleteUser(RestApi.java:66)
... Removed 24 stack frames]]>
    </failure>
  </testcase> <!-- DeleteUser -->
  <testcase name="GetUser" time="0.015" classname="test.java.Integration.FunctionalRest.RestApi">
    <failure type="java.lang.NoSuchMethodError" message="com.jayway.restassured.specification.RequestSpecification.header(Ljava/lang/String;Ljava/lang/Object;[Ljava/lang/Object;)Lcom/jayway/restassured/specification/RequestSpecification;">
      <![CDATA[java.lang.NoSuchMethodError: com.jayway.restassured.specification.RequestSpecification.header(Ljava/lang/String;Ljava/lang/Object;[Ljava/lang/Object;)Lcom/jayway/restassured/specification/RequestSpecification;
	at test.java.Integration.FunctionalRest.RestApi.GetUser(RestApi.java:36)
... Removed 24 stack frames]]>
    </failure>
  </testcase> <!-- GetUser -->
  <testcase name="login" time="0.235" classname="test.java.Integration.FunctionalRest.LoginTestCase">
    <skipped/>
  </testcase> <!-- login -->
  <testcase name="accessibility" time="0.0" classname="test.java.Integration.FunctionalRest.LoginTestCase">
    <skipped/>
  </testcase> <!-- accessibility -->
  <testcase name="dashboard" time="0.0" classname="test.java.Integration.FunctionalRest.LoginTestCase">
    <skipped/>
  </testcase> <!-- dashboard -->
  <testcase name="media" time="0.0" classname="test.java.Integration.FunctionalRest.LoginTestCase">
    <skipped/>
  </testcase> <!-- media -->
</testsuite> <!-- Test -->
