<?xml version="1.0" encoding="UTF-8"?>
<!-- Generated by org.testng.reporters.JUnitXMLReporter -->
<testsuite hostname="NGD24104" name="Test1" tests="3" failures="0" timestamp="27 Feb 2017 05:50:57 GMT" time="1.078" errors="0">
  <testcase name="CreateUser" time="0.749" classname="test.java.Integration.FunctionalRest.RestApi"/>
  <testcase name="DeleteUser" time="0.157" classname="test.java.Integration.FunctionalRest.RestApi"/>
  <testcase name="GetUser" time="0.172" classname="test.java.Integration.FunctionalRest.RestApi"/>
</testsuite> <!-- Test1 -->
