<?xml version="1.0" encoding="UTF-8"?>
<!-- Generated by org.testng.reporters.JUnitXMLReporter -->
<testsuite hostname="NGD24104" name="Test1" tests="3" failures="3" timestamp="17 Feb 2017 03:16:28 GMT" time="0.296" errors="0">
  <testcase name="CreateUser" time="0.296" classname="test.java.Integration.FunctionalRest.RestApi">
    <failure type="java.lang.NoSuchMethodError" message="com.jayway.restassured.specification.RequestSpecification.header(Ljava/lang/String;Ljava/lang/Object;[Ljava/lang/Object;)Lcom/jayway/restassured/specification/RequestSpecification;">
      <![CDATA[java.lang.NoSuchMethodError: com.jayway.restassured.specification.RequestSpecification.header(Ljava/lang/String;Ljava/lang/Object;[Ljava/lang/Object;)Lcom/jayway/restassured/specification/RequestSpecification;
	at test.java.Integration.FunctionalRest.RestApi.CreateUser(RestApi.java:51)
... Removed 24 stack frames]]>
    </failure>
  </testcase> <!-- CreateUser -->
  <testcase name="DeleteUser" time="0.0" classname="test.java.Integration.FunctionalRest.RestApi">
    <failure type="java.lang.NoSuchMethodError" message="com.jayway.restassured.specification.RequestSpecification.header(Ljava/lang/String;Ljava/lang/Object;[Ljava/lang/Object;)Lcom/jayway/restassured/specification/RequestSpecification;">
      <![CDATA[java.lang.NoSuchMethodError: com.jayway.restassured.specification.RequestSpecification.header(Ljava/lang/String;Ljava/lang/Object;[Ljava/lang/Object;)Lcom/jayway/restassured/specification/RequestSpecification;
	at test.java.Integration.FunctionalRest.RestApi.DeleteUser(RestApi.java:66)
... Removed 24 stack frames]]>
    </failure>
  </testcase> <!-- DeleteUser -->
  <testcase name="GetUser" time="0.0" classname="test.java.Integration.FunctionalRest.RestApi">
    <failure type="java.lang.NoSuchMethodError" message="com.jayway.restassured.specification.RequestSpecification.header(Ljava/lang/String;Ljava/lang/Object;[Ljava/lang/Object;)Lcom/jayway/restassured/specification/RequestSpecification;">
      <![CDATA[java.lang.NoSuchMethodError: com.jayway.restassured.specification.RequestSpecification.header(Ljava/lang/String;Ljava/lang/Object;[Ljava/lang/Object;)Lcom/jayway/restassured/specification/RequestSpecification;
	at test.java.Integration.FunctionalRest.RestApi.GetUser(RestApi.java:36)
... Removed 24 stack frames]]>
    </failure>
  </testcase> <!-- GetUser -->
</testsuite> <!-- Test1 -->
