<?xml version="1.0" encoding="UTF-8"?>
<testsuite xmlns:xsi="http://www.w3.org/2001/XMLSchema-instance" xsi:schemaLocation="https://maven.apache.org/surefire/maven-surefire-plugin/xsd/surefire-test-report.xsd" name="TestSuite" time="139.961" tests="22" errors="0" skipped="15" failures="3">
  <properties>
[...]
</properties>
  <testcase name="launchbrowser" classname="test.java.Integration.FunctionalRest.LoginTestCase" time="0.655">
    <failure message="The path to the driver executable must be set by the webdriver.chrome.driver system property; for more information, see https://github.com/SeleniumHQ/selenium/wiki/ChromeDriver. The latest version can be downloaded from http://chromedriver.storage.googleapis.com/index.html&#10;Command duration or timeout: 281 milliseconds&#10;Build info: version: &apos;2.46.0&apos;, revision: &apos;61506a4624b13675f24581e453592342b7485d71&apos;, time: &apos;2015-06-04 10:22:50&apos;&#10;System info: host: &apos;NGD24104&apos;, ip: &apos;169.254.59.156&apos;, os.name: &apos;Windows 7&apos;, os.arch: &apos;x86&apos;, os.version: &apos;6.1&apos;, java.version: &apos;1.7.0_11&apos;&#10;Driver info: org.openqa.selenium.remote.RemoteWebDriver" type="org.openqa.selenium.WebDriverException">org.openqa.selenium.WebDriverException: 
The path to the driver executable must be set by the webdriver.chrome.driver system property; for more information, see https://github.com/SeleniumHQ/selenium/wiki/ChromeDriver. The latest version can be downloaded from http://chromedriver.storage.googleapis.com/index.html
Command duration or timeout: 281 milliseconds
Build info: version: '2.46.0', revision: '61506a4624b13675f24581e453592342b7485d71', time: '2015-06-04 10:22:50'
System info: host: 'NGD24104', ip: '169.254.59.156', os.name: 'Windows 7', os.arch: 'x86', os.version: '6.1', java.version: '1.7.0_11'
Driver info: org.openqa.selenium.remote.RemoteWebDriver
	at test.java.Integration.FunctionalRest.LoginTestCase.launchbrowser(LoginTestCase.java:319)
Caused by: java.lang.IllegalStateException: The path to the driver executable must be set by the webdriver.chrome.driver system property; for more information, see https://github.com/SeleniumHQ/selenium/wiki/ChromeDriver. The latest version can be downloaded from http://chromedriver.storage.googleapis.com/index.html
</failure>
    <system-out><![CDATA[num is : 5
 Executing on CHROME
]]></system-out>
  </testcase>
  <testcase name="setUp" classname="test.java.Integration.FunctionalRest.LoginTestCase" time="0">
    <skipped/>
  </testcase>
  <testcase name="setUp" classname="test.java.Integration.FunctionalRest.LoginTestCase" time="0">
    <skipped/>
    <system-out><![CDATA[No of ROWS4
[[Username, Password, Steps, Media access, How to access elements, Element id], [author, author, New:2:Media:class:ab-item, Yes, Class, ab-item], [contributor, contributor, New:1:Post:class:ab-item, No, Class, ab-item], [editor, editor, New:3:Media:class:ab-item, Yes, Class, ab-item], [qe_batch, qe_batch2017, Users:3:Add New:linkText:Add New, Yes, linkText, Add New]]----------5
[[Username, Password, Steps, Media access, How to access elements, Element id], [author, author, New:2:Media:class:ab-item, Yes, Class, ab-item], [contributor, contributor, New:1:Post:class:ab-item, No, Class, ab-item], [editor, editor, New:3:Media:class:ab-item, Yes, Class, ab-item], [qe_batch, qe_batch2017, Users:3:Add New:linkText:Add New, Yes, linkText, Add New]]
New:2:Media:class:ab-item
Password
contributor
editor
qe_batch
Value of password for qe_batch is :qe_batch2017
]]></system-out>
  </testcase>
  <testcase name="setUp" classname="test.java.Integration.FunctionalRest.LoginTestCase" time="0">
    <skipped/>
  </testcase>
  <testcase name="setUp" classname="test.java.Integration.FunctionalRest.LoginTestCase" time="0">
    <skipped/>
  </testcase>
  <testcase name="setUp" classname="test.java.Integration.FunctionalRest.LoginTestCase" time="0">
    <skipped/>
  </testcase>
  <testcase name="waitforPage" classname="test.java.Integration.FunctionalRest.LoginTestCase" time="0">
    <skipped/>
  </testcase>
  <testcase name="waitforPage" classname="test.java.Integration.FunctionalRest.LoginTestCase" time="0">
    <skipped/>
  </testcase>
  <testcase name="waitforPage" classname="test.java.Integration.FunctionalRest.LoginTestCase" time="0">
    <skipped/>
  </testcase>
  <testcase name="waitforPage" classname="test.java.Integration.FunctionalRest.LoginTestCase" time="0">
    <skipped/>
  </testcase>
  <testcase name="login" classname="test.java.Integration.FunctionalRest.LoginTestCase" time="0">
    <skipped/>
  </testcase>
  <testcase name="login" classname="test.java.Integration.FunctionalRest.LoginTestCase" time="0">
    <skipped/>
  </testcase>
  <testcase name="login" classname="test.java.Integration.FunctionalRest.LoginTestCase" time="0">
    <skipped/>
  </testcase>
  <testcase name="login" classname="test.java.Integration.FunctionalRest.LoginTestCase" time="0">
    <skipped/>
  </testcase>
  <testcase name="accessibility" classname="test.java.Integration.FunctionalRest.LoginTestCase" time="0">
    <skipped message="Method LoginTestCase.accessibility(java.lang.String, java.lang.String)[pri:0, instance:test.java.Integration.FunctionalRest.LoginTestCase@1ec0b] depends on not successfully finished methods"/>
  </testcase>
  <testcase name="dashboard" classname="test.java.Integration.FunctionalRest.LoginTestCase" time="0">
    <skipped message="Method LoginTestCase.dashboard(java.lang.String, java.lang.String)[pri:0, instance:test.java.Integration.FunctionalRest.LoginTestCase@1ec0b] depends on not successfully finished methods"/>
  </testcase>
  <testcase name="CreateUser" classname="test.java.Integration.FunctionalRest.RestApi" time="0.749"/>
  <testcase name="DeleteUser" classname="test.java.Integration.FunctionalRest.RestApi" time="0.157"/>
  <testcase name="GetUser" classname="test.java.Integration.FunctionalRest.RestApi" time="0.172"/>
  <testcase name="ValidLogin" classname="test.java.Integration.FunctionalRest.MobileTestCase" time="40.241"/>
  <testcase name="ValidMedia" classname="test.java.Integration.FunctionalRest.MobileTestCase" time="73.392">
    <failure message="An element could not be located on the page using the given search parameters. (WARNING: The server did not provide any stacktrace information)&#10;Command duration or timeout: 919 milliseconds&#10;For documentation on this error, please visit: http://seleniumhq.org/exceptions/no_such_element.html&#10;Build info: version: &apos;2.46.0&apos;, revision: &apos;61506a4624b13675f24581e453592342b7485d71&apos;, time: &apos;2015-06-04 10:22:50&apos;&#10;System info: host: &apos;NGD24104&apos;, ip: &apos;169.254.59.156&apos;, os.name: &apos;Windows 7&apos;, os.arch: &apos;x86&apos;, os.version: &apos;6.1&apos;, java.version: &apos;1.7.0_11&apos;&#10;*** Element info: {Using=name, value=VID_20161123_101712.mp4}&#10;Session ID: 6073b087-b59f-4052-b6a2-2e45fba5a870&#10;Driver info: io.appium.java_client.android.AndroidDriver&#10;Capabilities [{platformVersion=5.1.1, platform=LINUX, databaseEnabled=false, javascriptEnabled=true, platformName=Android, deviceName=6a94c369, browserName=Android, appium-version=1.4.16.1, webStorageEnabled=false, networkConnectionEnabled=true, desired={deviceName=6a94c369, platformName=Android, appium-version=1.4.16.1}, locationContextEnabled=false, warnings={}, takesScreenshot=true}]" type="org.openqa.selenium.NoSuchElementException">org.openqa.selenium.NoSuchElementException: 
An element could not be located on the page using the given search parameters. (WARNING: The server did not provide any stacktrace information)
Command duration or timeout: 919 milliseconds
For documentation on this error, please visit: http://seleniumhq.org/exceptions/no_such_element.html
Build info: version: '2.46.0', revision: '61506a4624b13675f24581e453592342b7485d71', time: '2015-06-04 10:22:50'
System info: host: 'NGD24104', ip: '169.254.59.156', os.name: 'Windows 7', os.arch: 'x86', os.version: '6.1', java.version: '1.7.0_11'
*** Element info: {Using=name, value=VID_20161123_101712.mp4}
Session ID: 6073b087-b59f-4052-b6a2-2e45fba5a870
Driver info: io.appium.java_client.android.AndroidDriver
Capabilities [{platformVersion=5.1.1, platform=LINUX, databaseEnabled=false, javascriptEnabled=true, platformName=Android, deviceName=6a94c369, browserName=Android, appium-version=1.4.16.1, webStorageEnabled=false, networkConnectionEnabled=true, desired={deviceName=6a94c369, platformName=Android, appium-version=1.4.16.1}, locationContextEnabled=false, warnings={}, takesScreenshot=true}]
	at test.java.Integration.FunctionalRest.MobileTestCase.ValidMedia(MobileTestCase.java:91)
</failure>
    <system-out><![CDATA[-------------------------------
(1080, 1920)
starty = 1536 ,endy = 384 , startx = 540
(1080, 1920)
starty1 = 1536 ,endy1 = 384 , startx1 = 540
]]></system-out>
  </testcase>
  <testcase name="WrongLogin" classname="test.java.Integration.FunctionalRest.MobileTestCase" time="8.576">
    <failure message="An element could not be located on the page using the given search parameters. (WARNING: The server did not provide any stacktrace information)&#10;Command duration or timeout: 552 milliseconds&#10;For documentation on this error, please visit: http://seleniumhq.org/exceptions/no_such_element.html&#10;Build info: version: &apos;2.46.0&apos;, revision: &apos;61506a4624b13675f24581e453592342b7485d71&apos;, time: &apos;2015-06-04 10:22:50&apos;&#10;System info: host: &apos;NGD24104&apos;, ip: &apos;169.254.59.156&apos;, os.name: &apos;Windows 7&apos;, os.arch: &apos;x86&apos;, os.version: &apos;6.1&apos;, java.version: &apos;1.7.0_11&apos;&#10;*** Element info: {Using=id, value=org.wordpress.android:id/nux_username}&#10;Session ID: 6073b087-b59f-4052-b6a2-2e45fba5a870&#10;Driver info: io.appium.java_client.android.AndroidDriver&#10;Capabilities [{platformVersion=5.1.1, platform=LINUX, databaseEnabled=false, javascriptEnabled=true, platformName=Android, deviceName=6a94c369, browserName=Android, appium-version=1.4.16.1, webStorageEnabled=false, networkConnectionEnabled=true, desired={deviceName=6a94c369, platformName=Android, appium-version=1.4.16.1}, locationContextEnabled=false, warnings={}, takesScreenshot=true}]" type="org.openqa.selenium.NoSuchElementException">org.openqa.selenium.NoSuchElementException: 
An element could not be located on the page using the given search parameters. (WARNING: The server did not provide any stacktrace information)
Command duration or timeout: 552 milliseconds
For documentation on this error, please visit: http://seleniumhq.org/exceptions/no_such_element.html
Build info: version: '2.46.0', revision: '61506a4624b13675f24581e453592342b7485d71', time: '2015-06-04 10:22:50'
System info: host: 'NGD24104', ip: '169.254.59.156', os.name: 'Windows 7', os.arch: 'x86', os.version: '6.1', java.version: '1.7.0_11'
*** Element info: {Using=id, value=org.wordpress.android:id/nux_username}
Session ID: 6073b087-b59f-4052-b6a2-2e45fba5a870
Driver info: io.appium.java_client.android.AndroidDriver
Capabilities [{platformVersion=5.1.1, platform=LINUX, databaseEnabled=false, javascriptEnabled=true, platformName=Android, deviceName=6a94c369, browserName=Android, appium-version=1.4.16.1, webStorageEnabled=false, networkConnectionEnabled=true, desired={deviceName=6a94c369, platformName=Android, appium-version=1.4.16.1}, locationContextEnabled=false, warnings={}, takesScreenshot=true}]
	at test.java.Integration.FunctionalRest.MobileTestCase.WrongLogin(MobileTestCase.java:109)
</failure>
    <system-out><![CDATA[Screenshot taken
]]></system-out>
  </testcase>
</testsuite>